<?xml version="1.0" encoding="UTF-8"?>
<testsuite name="MultipleSourcesTask7Tests" tests="1" skipped="0" failures="0" errors="0" timestamp="2022-12-22T16:57:08" hostname="KOMPUTER" time="0.434">
  <properties/>
  <testcase name="testSolution()" classname="MultipleSourcesTask7Tests" time="0.434"/>
  <system-out><![CDATA[18:57:09.050 [Test worker] DEBUG reactor.util.Loggers - Using Slf4j logging framework
]]></system-out>
  <system-err><![CDATA[]]></system-err>
</testsuite>
