<?xml version="1.0" encoding="UTF-8"?>
<testsuite name="BackpressureTask2Tests" tests="1" skipped="0" failures="0" errors="0" timestamp="2022-12-22T17:06:47" hostname="KOMPUTER" time="0.441">
  <properties/>
  <testcase name="testSolution()" classname="BackpressureTask2Tests" time="0.441"/>
  <system-out><![CDATA[19:06:47.860 [Test worker] DEBUG reactor.util.Loggers - Using Slf4j logging framework
]]></system-out>
  <system-err><![CDATA[]]></system-err>
</testsuite>
