<?xml version="1.0" encoding="UTF-8"?>
<testsuite name="CPTask4Tests" tests="1" skipped="0" failures="0" errors="0" timestamp="2022-12-24T11:28:42" hostname="KOMPUTER" time="13.342">
  <properties/>
  <testcase name="uploadTest()" classname="CPTask4Tests" time="13.342"/>
  <system-out><![CDATA[13:28:43.638 [Test worker] DEBUG reactor.util.Loggers - Using Slf4j logging framework
]]></system-out>
  <system-err><![CDATA[]]></system-err>
</testsuite>
