<?xml version="1.0" encoding="UTF-8"?>
<testsuite name="CommonOperatorsTask3Tests" tests="1" skipped="0" failures="0" errors="0" timestamp="2022-12-22T16:20:58" hostname="KOMPUTER" time="0.992">
  <properties/>
  <testcase name="testSolution()" classname="CommonOperatorsTask3Tests" time="0.992"/>
  <system-out><![CDATA[18:20:59.186 [Test worker] DEBUG reactor.util.Loggers - Using Slf4j logging framework
]]></system-out>
  <system-err><![CDATA[]]></system-err>
</testsuite>
