<?xml version="1.0" encoding="UTF-8"?>
<testsuite name="MultithreadingOperatorsTask5Tests" tests="2" skipped="0" failures="0" errors="0" timestamp="2022-12-22T17:05:41" hostname="KOMPUTER" time="2.724">
  <properties/>
  <testcase name="testSolution()" classname="MultithreadingOperatorsTask5Tests" time="1.233"/>
  <testcase name="testSolution1()" classname="MultithreadingOperatorsTask5Tests" time="1.487"/>
  <system-out><![CDATA[19:05:41.567 [Test worker] DEBUG reactor.util.Loggers - Using Slf4j logging framework
]]></system-out>
  <system-err><![CDATA[]]></system-err>
</testsuite>
