<?xml version="1.0" encoding="UTF-8"?>
<testsuite name="ContextTask3Tests" tests="1" skipped="0" failures="0" errors="0" timestamp="2022-12-22T17:11:58" hostname="KOMPUTER" time="0.454">
  <properties/>
  <testcase name="testSolution()" classname="ContextTask3Tests" time="0.454"/>
  <system-out><![CDATA[19:11:58.642 [Test worker] DEBUG reactor.util.Loggers - Using Slf4j logging framework
]]></system-out>
  <system-err><![CDATA[]]></system-err>
</testsuite>
