<?xml version="1.0" encoding="UTF-8"?>
<testsuite name="CommonOperatorsTask6Tests" tests="1" skipped="0" failures="0" errors="0" timestamp="2022-12-22T16:25:04" hostname="KOMPUTER" time="0.538">
  <properties/>
  <testcase name="testSolution()" classname="CommonOperatorsTask6Tests" time="0.538"/>
  <system-out><![CDATA[18:25:04.736 [Test worker] DEBUG reactor.util.Loggers - Using Slf4j logging framework
]]></system-out>
  <system-err><![CDATA[]]></system-err>
</testsuite>
