<?xml version="1.0" encoding="UTF-8"?>
<testsuite name="BackpressureTask1Tests" tests="1" skipped="0" failures="0" errors="0" timestamp="2022-12-22T17:06:19" hostname="KOMPUTER" time="0.413">
  <properties/>
  <testcase name="mergeSeveralSourcesTest()" classname="BackpressureTask1Tests" time="0.413"/>
  <system-out><![CDATA[19:06:19.499 [Test worker] DEBUG reactor.util.Loggers - Using Slf4j logging framework
19:06:19.549 [Test worker] DEBUG reactor.core.publisher.Hooks - Hooking new default : onErrorDropped
19:06:19.550 [Test worker] DEBUG reactor.core.publisher.Hooks - Hooking new default : onNextDropped
19:06:19.551 [Test worker] DEBUG reactor.core.publisher.Hooks - Hooking onOperatorError: reactor.test.DefaultStepVerifierBuilder$HookRecorder$$Lambda$295/26935520@6ae4d4
19:06:19.596 [Test worker] DEBUG reactor.core.publisher.Hooks - Reset to factory defaults : onNextDropped
19:06:19.596 [Test worker] DEBUG reactor.core.publisher.Hooks - Reset to factory defaults : onErrorDropped
19:06:19.596 [Test worker] DEBUG reactor.core.publisher.Hooks - Reset to factory defaults : onOperatorError
]]></system-out>
  <system-err><![CDATA[]]></system-err>
</testsuite>
