<?xml version="1.0" encoding="UTF-8"?>
<testsuite name="CommonPublishersTask3Tests" tests="1" skipped="0" failures="0" errors="0" timestamp="2022-12-22T10:51:04" hostname="KOMPUTER" time="5.844">
  <properties/>
  <testcase name="testSolution()" classname="CommonPublishersTask3Tests" time="5.844"/>
  <system-out><![CDATA[12:51:09.715 [Test worker] DEBUG reactor.util.Loggers - Using Slf4j logging framework
]]></system-out>
  <system-err><![CDATA[]]></system-err>
</testsuite>
