<?xml version="1.0" encoding="UTF-8"?>
<testsuite name="TestingTask2Tests" tests="1" skipped="0" failures="0" errors="0" timestamp="2022-12-22T16:33:06" hostname="KOMPUTER" time="2.273">
  <properties/>
  <testcase name="testSolution()" classname="TestingTask2Tests" time="2.273"/>
  <system-out><![CDATA[18:33:07.498 [Thread-4] DEBUG reactor.util.Loggers - Using Slf4j logging framework
]]></system-out>
  <system-err><![CDATA[]]></system-err>
</testsuite>
