<?xml version="1.0" encoding="UTF-8"?>
<testsuite name="ContextTask2Tests" tests="1" skipped="0" failures="0" errors="0" timestamp="2022-12-22T17:11:24" hostname="KOMPUTER" time="0.589">
  <properties/>
  <testcase name="testSolution()" classname="ContextTask2Tests" time="0.589"/>
  <system-out><![CDATA[19:11:24.473 [Test worker] DEBUG reactor.util.Loggers - Using Slf4j logging framework
]]></system-out>
  <system-err><![CDATA[]]></system-err>
</testsuite>
