<?xml version="1.0" encoding="UTF-8"?>
<testsuite name="ContextTask1Tests" tests="1" skipped="0" failures="0" errors="0" timestamp="2022-12-22T17:10:44" hostname="KOMPUTER" time="0.259">
  <properties/>
  <testcase name="testSolution()" classname="ContextTask1Tests" time="0.259"/>
  <system-out><![CDATA[19:10:44.813 [Test worker] DEBUG reactor.util.Loggers - Using Slf4j logging framework
]]></system-out>
  <system-err><![CDATA[]]></system-err>
</testsuite>
