<?xml version="1.0" encoding="UTF-8"?>
<testsuite name="DLMTask2Tests" tests="1" skipped="0" failures="0" errors="0" timestamp="2022-12-24T10:35:11" hostname="KOMPUTER" time="3.481">
  <properties/>
  <testcase name="testSolution()" classname="DLMTask2Tests" time="3.481"/>
  <system-out><![CDATA[12:35:11.567 [Test worker] DEBUG reactor.util.Loggers - Using Slf4j logging framework
12:35:11.575 [Test worker] DEBUG reactor.core.publisher.Hooks - Hooking onEachOperator: DLMTask2Tests$$Lambda$331/0x0000000100218248@4f1bfe23
12:35:13.743 [Test worker] INFO bye - | onSubscribe([Fuseable] FluxPublishOn.PublishOnSubscriber)
12:35:13.755 [Test worker] INFO bye - | request(unbounded)
12:35:13.870 [parallel-1] INFO hello - request(256)
12:35:13.908 [single-1] INFO bye - | onNext(0)
12:35:13.908 [single-1] INFO bye - | onNext(1)
12:35:13.909 [single-1] INFO bye - | onNext(2)
12:35:13.948 [single-1] INFO bye - | onNext(3)
12:35:13.950 [single-1] INFO bye - | onNext(4)
12:35:13.952 [single-1] INFO bye - | onNext(5)
12:35:13.954 [single-1] INFO bye - | onNext(6)
12:35:13.954 [single-1] INFO bye - | onNext(7)
12:35:13.978 [single-1] INFO bye - | onNext(8)
12:35:13.979 [single-1] INFO bye - | onNext(9)
12:35:13.981 [single-1] INFO bye - | cancel()
12:35:14.482 [Test worker] DEBUG reactor.core.publisher.Hooks - Reset to factory defaults : onEachOperator
]]></system-out>
  <system-err><![CDATA[]]></system-err>
</testsuite>
