<?xml version="1.0" encoding="UTF-8"?>
<testsuite name="MultipleSourcesTask4Tests" tests="1" skipped="0" failures="0" errors="0" timestamp="2022-12-22T16:51:58" hostname="KOMPUTER" time="2.538">
  <properties/>
  <testcase name="testSolution()" classname="MultipleSourcesTask4Tests" time="2.538"/>
  <system-out><![CDATA[18:52:00.411 [Test worker] DEBUG reactor.util.Loggers - Using Slf4j logging framework
]]></system-out>
  <system-err><![CDATA[]]></system-err>
</testsuite>
