<?xml version="1.0" encoding="UTF-8"?>
<testsuite name="service.external.CryptoServiceTests" tests="3" skipped="0" failures="0" errors="0" timestamp="2022-12-24T12:38:11" hostname="KOMPUTER" time="4.859">
  <properties/>
  <testcase name="verifyThatSupportReplayMode()" classname="service.external.CryptoServiceTests" time="1.744"/>
  <testcase name="verifyThatSupportMultiSubscribers()" classname="service.external.CryptoServiceTests" time="1.851"/>
  <testcase name="verifyThatSupportIsolationAndResilience()" classname="service.external.CryptoServiceTests" time="1.258"/>
  <system-out><![CDATA[14:38:12.960 [Test worker] DEBUG reactor.util.Loggers - Using Slf4j logging framework
]]></system-out>
  <system-err><![CDATA[]]></system-err>
</testsuite>
