<?xml version="1.0" encoding="UTF-8"?>
<testsuite name="MultipleSourcesTask5Tests" tests="1" skipped="0" failures="0" errors="0" timestamp="2022-12-22T16:54:34" hostname="KOMPUTER" time="0.615">
  <properties/>
  <testcase name="testSolution()" classname="MultipleSourcesTask5Tests" time="0.615"/>
  <system-out><![CDATA[18:54:34.970 [Test worker] DEBUG reactor.util.Loggers - Using Slf4j logging framework
]]></system-out>
  <system-err><![CDATA[]]></system-err>
</testsuite>
