<?xml version="1.0" encoding="UTF-8"?>
<testsuite name="service.impl.TradeServiceTests" tests="1" skipped="0" failures="0" errors="0" timestamp="2022-12-24T12:34:02" hostname="KOMPUTER" time="10.682">
  <properties/>
  <testcase name="tradeServiceTest()" classname="service.impl.TradeServiceTests" time="10.682"/>
  <system-out><![CDATA[14:34:03.379 [Test worker] DEBUG reactor.util.Loggers - Using Slf4j logging framework
14:34:11.658 [Test worker] WARN trade-service - .buffer(Duration.ofMillis(100)) onNext([])
14:34:11.681 [Test worker] WARN trade-service - .buffer(Duration.ofMillis(100)) onNext([Trade{id=1, timestamp=1, price=1.0, amount=1.0, currency='test', market='test'}, Trade{id=2, timestamp=1, price=1.0, amount=1.0, currency='test', market='test'}, Trade{id=3, timestamp=1, price=1.0, amount=1.0, currency='test', market='test'}, Trade{id=4, timestamp=1, price=1.0, amount=1.0, currency='test', market='test'}])
14:34:12.815 [Test worker] WARN trade-service - .buffer(Duration.ofMillis(100)) onNext([])
14:34:12.816 [Test worker] WARN trade-service - .buffer(Duration.ofMillis(100)) onNext([Trade{id=1, timestamp=1, price=1.0, amount=1.0, currency='test', market='test'}, Trade{id=2, timestamp=1, price=1.0, amount=1.0, currency='test', market='test'}, Trade{id=3, timestamp=1, price=1.0, amount=1.0, currency='test', market='test'}, Trade{id=4, timestamp=1, price=1.0, amount=1.0, currency='test', market='test'}])
14:34:12.822 [Test worker] WARN trade-service - .buffer(Duration.ofMillis(100)) onNext([])
14:34:12.891 [Test worker] WARN trade-service - .buffer(Duration.ofMillis(100)) onNext([])
14:34:12.948 [Test worker] WARN trade-service - .buffer(Duration.ofMillis(100)) onNext([Trade{id=5, timestamp=1, price=1.0, amount=1.0, currency='test', market='test'}, Trade{id=6, timestamp=1, price=1.0, amount=1.0, currency='test', market='test'}, Trade{id=7, timestamp=1, price=1.0, amount=1.0, currency='test', market='test'}, Trade{id=8, timestamp=1, price=1.0, amount=1.0, currency='test', market='test'}, Trade{id=9, timestamp=1, price=1.0, amount=1.0, currency='test', market='test'}, Trade{id=10, timestamp=1, price=1.0, amount=1.0, currency='test', market='test'}, Trade{id=11, timestamp=1, price=1.0, amount=1.0, currency='test', market='test'}, Trade{id=12, timestamp=1, price=1.0, amount=1.0, currency='test', market='test'}])
14:34:12.951 [Test worker] WARN trade-service - .buffer(Duration.ofMillis(100)) onNext([])
]]></system-out>
  <system-err><![CDATA[]]></system-err>
</testsuite>
