<?xml version="1.0" encoding="UTF-8"?>
<testsuite name="MultipleSourcesTask3Tests" tests="1" skipped="0" failures="0" errors="0" timestamp="2022-12-22T16:52:54" hostname="KOMPUTER" time="1.084">
  <properties/>
  <testcase name="testSolution()" classname="MultipleSourcesTask3Tests" time="1.084"/>
  <system-out><![CDATA[18:52:55.553 [Test worker] DEBUG reactor.util.Loggers - Using Slf4j logging framework
]]></system-out>
  <system-err><![CDATA[]]></system-err>
</testsuite>
