<?xml version="1.0" encoding="UTF-8"?>
<testsuite name="CommonPublishersTask2Tests" tests="1" skipped="0" failures="0" errors="0" timestamp="2022-12-22T10:48:27" hostname="KOMPUTER" time="4.182">
  <properties/>
  <testcase name="testSolution()" classname="CommonPublishersTask2Tests" time="4.182"/>
  <system-out><![CDATA[12:48:31.264 [Test worker] DEBUG reactor.util.Loggers - Using Slf4j logging framework
]]></system-out>
  <system-err><![CDATA[]]></system-err>
</testsuite>
