<?xml version="1.0" encoding="UTF-8"?>
<testsuite name="BackpressureTask3Tests" tests="1" skipped="0" failures="0" errors="0" timestamp="2022-12-22T17:07:29" hostname="KOMPUTER" time="0.556">
  <properties/>
  <testcase name="testSolution()" classname="BackpressureTask3Tests" time="0.556"/>
  <system-out><![CDATA[19:07:29.125 [Test worker] DEBUG reactor.util.Loggers - Using Slf4j logging framework
]]></system-out>
  <system-err><![CDATA[]]></system-err>
</testsuite>
