<?xml version="1.0" encoding="UTF-8"?>
<testsuite name="DLMTask3Tests" tests="1" skipped="0" failures="0" errors="0" timestamp="2022-12-24T10:37:53" hostname="KOMPUTER" time="5.878">
  <properties/>
  <testcase name="testSolution()" classname="DLMTask3Tests" time="5.878"/>
  <system-out><![CDATA[12:37:54.544 [Test worker] DEBUG reactor.util.Loggers - Using Slf4j logging framework
12:37:54.562 [Test worker] DEBUG reactor.core.publisher.Hooks - Hooking onEachOperator: DLMTask3Tests$$Lambda$353/0x0000000100222b58@906d29b
12:37:55.324 [Test worker] DEBUG io.micrometer.core.util.internal.logging.InternalLoggerFactory - Using SLF4J as the default logging framework
12:37:57.051 [Test worker] INFO After PublisherOn - | onSubscribe([Fuseable] FluxPublishOn.PublishOnSubscriber)
12:37:57.066 [Test worker] INFO After PublisherOn - | request(unbounded)
12:37:57.898 [single-1] INFO After PublisherOn - | onNext(0)
12:37:57.932 [single-1] INFO After PublisherOn - | onNext(1)
12:37:57.937 [single-1] INFO After PublisherOn - | onNext(2)
12:37:57.939 [single-1] INFO After PublisherOn - | onNext(3)
12:37:57.941 [single-1] INFO After PublisherOn - | onNext(4)
12:37:57.943 [single-1] INFO After PublisherOn - | onNext(5)
12:37:57.958 [single-1] INFO After PublisherOn - | onNext(6)
12:37:57.958 [single-1] INFO After PublisherOn - | onNext(7)
12:37:58.005 [single-1] INFO After PublisherOn - | onNext(8)
12:37:58.007 [single-1] INFO After PublisherOn - | onNext(9)
12:37:58.009 [single-1] INFO After PublisherOn - | cancel()
12:37:59.624 [Test worker] DEBUG reactor.core.publisher.Hooks - Reset to factory defaults : onEachOperator
]]></system-out>
  <system-err><![CDATA[]]></system-err>
</testsuite>
