<?xml version="1.0" encoding="UTF-8"?>
<testsuite name="CPTask2Tests" tests="1" skipped="0" failures="0" errors="0" timestamp="2022-12-24T11:20:36" hostname="KOMPUTER" time="11.666">
  <properties/>
  <testcase name="findVideoTest()" classname="CPTask2Tests" time="11.666"/>
  <system-out><![CDATA[13:20:45.654 [Test worker] DEBUG reactor.util.Loggers - Using Slf4j logging framework
]]></system-out>
  <system-err><![CDATA[]]></system-err>
</testsuite>
