<?xml version="1.0" encoding="UTF-8"?>
<testsuite name="TestingTask1Tests" tests="1" skipped="0" failures="0" errors="0" timestamp="2022-12-22T16:31:43" hostname="KOMPUTER" time="1.242">
  <properties/>
  <testcase name="testSolution()" classname="TestingTask1Tests" time="1.242"/>
  <system-out><![CDATA[18:31:44.073 [Test worker] DEBUG reactor.util.Loggers - Using Slf4j logging framework
]]></system-out>
  <system-err><![CDATA[]]></system-err>
</testsuite>
