<?xml version="1.0" encoding="UTF-8"?>
<testsuite name="CommonOperatorsTask10Tests" tests="1" skipped="0" failures="0" errors="0" timestamp="2022-12-22T16:27:54" hostname="KOMPUTER" time="0.817">
  <properties/>
  <testcase name="testSolution()" classname="CommonOperatorsTask10Tests" time="0.817"/>
  <system-out><![CDATA[18:27:54.693 [Test worker] DEBUG reactor.util.Loggers - Using Slf4j logging framework
]]></system-out>
  <system-err><![CDATA[]]></system-err>
</testsuite>
