<?xml version="1.0" encoding="UTF-8"?>
<testsuite name="HnSTask4Tests" tests="1" skipped="0" failures="0" errors="0" timestamp="2022-12-24T09:54:42" hostname="KOMPUTER" time="0.806">
  <properties/>
  <testcase name="testSolution2()" classname="HnSTask4Tests" time="0.806"/>
  <system-out><![CDATA[11:54:42.244 [Test worker] DEBUG reactor.util.Loggers - Using Slf4j logging framework
11:54:42.252 [Test worker] DEBUG reactor.core.publisher.Hooks - Hooking onEachOperator: HnSTask4Tests$$Lambda$331/0x0000000100219e80@46944ca9
11:54:42.488 [Test worker] DEBUG reactor.core.publisher.Hooks - Reset to factory defaults : onEachOperator
]]></system-out>
  <system-err><![CDATA[]]></system-err>
</testsuite>
