<?xml version="1.0" encoding="UTF-8"?>
<testsuite name="ResilienceTask8Tests" tests="4" skipped="0" failures="0" errors="0" timestamp="2022-12-22T17:46:08" hostname="KOMPUTER" time="2.187">
  <properties/>
  <testcase name="testSolution()" classname="ResilienceTask8Tests" time="1.751"/>
  <testcase name="testSolution1()" classname="ResilienceTask8Tests" time="0.008"/>
  <testcase name="testSolution2()" classname="ResilienceTask8Tests" time="0.063"/>
  <testcase name="testSolution3()" classname="ResilienceTask8Tests" time="0.349"/>
  <system-out><![CDATA[19:46:09.862 [Test worker] DEBUG reactor.util.Loggers - Using Slf4j logging framework
]]></system-out>
  <system-err><![CDATA[]]></system-err>
</testsuite>
