<?xml version="1.0" encoding="UTF-8"?>
<testsuite name="MultipleSourcesTask1Tests" tests="1" skipped="0" failures="0" errors="0" timestamp="2022-12-22T16:45:12" hostname="KOMPUTER" time="2.335">
  <properties/>
  <testcase name="mergeSeveralSourcesTest()" classname="MultipleSourcesTask1Tests" time="2.335"/>
  <system-out><![CDATA[18:45:14.282 [Test worker] DEBUG reactor.util.Loggers - Using Slf4j logging framework
]]></system-out>
  <system-err><![CDATA[]]></system-err>
</testsuite>
