<?xml version="1.0" encoding="UTF-8"?>
<testsuite name="ResilienceTask9Tests" tests="2" skipped="0" failures="0" errors="0" timestamp="2022-12-22T17:47:40" hostname="KOMPUTER" time="0.554">
  <properties/>
  <testcase name="testSolution()" classname="ResilienceTask9Tests" time="0.548"/>
  <testcase name="testSolution1()" classname="ResilienceTask9Tests" time="0.005"/>
  <system-out><![CDATA[19:47:40.688 [Test worker] DEBUG reactor.util.Loggers - Using Slf4j logging framework
]]></system-out>
  <system-err><![CDATA[]]></system-err>
</testsuite>
