<?xml version="1.0" encoding="UTF-8"?>
<testsuite name="MultipleSourcesTask6Tests" tests="1" skipped="0" failures="0" errors="0" timestamp="2022-12-22T16:55:56" hostname="KOMPUTER" time="0.502">
  <properties/>
  <testcase name="testSolution()" classname="MultipleSourcesTask6Tests" time="0.502"/>
  <system-out><![CDATA[18:55:56.401 [Test worker] DEBUG reactor.util.Loggers - Using Slf4j logging framework
]]></system-out>
  <system-err><![CDATA[]]></system-err>
</testsuite>
