<?xml version="1.0" encoding="UTF-8"?>
<testsuite name="MultipleSourcesTask8Tests" tests="1" skipped="0" failures="0" errors="0" timestamp="2022-12-22T16:58:38" hostname="KOMPUTER" time="4.193">
  <properties/>
  <testcase name="testSolution()" classname="MultipleSourcesTask8Tests" time="4.193"/>
  <system-out><![CDATA[18:58:41.215 [Test worker] DEBUG reactor.util.Loggers - Using Slf4j logging framework
]]></system-out>
  <system-err><![CDATA[]]></system-err>
</testsuite>
