<?xml version="1.0" encoding="UTF-8"?>
<testsuite name="CommonOperatorsTask2Tests" tests="1" skipped="0" failures="0" errors="0" timestamp="2022-12-22T16:19:37" hostname="KOMPUTER" time="0.422">
  <properties/>
  <testcase name="testSolution()" classname="CommonOperatorsTask2Tests" time="0.422"/>
  <system-out><![CDATA[18:19:37.682 [Test worker] DEBUG reactor.util.Loggers - Using Slf4j logging framework
]]></system-out>
  <system-err><![CDATA[]]></system-err>
</testsuite>
