<?xml version="1.0" encoding="UTF-8"?>
<testsuite name="CommonPublishersTask6Tests" tests="2" skipped="0" failures="0" errors="0" timestamp="2022-12-22T10:58:24" hostname="KOMPUTER" time="0.778">
  <properties/>
  <testcase name="testValid()" classname="CommonPublishersTask6Tests" time="0.774"/>
  <testcase name="testInvalid()" classname="CommonPublishersTask6Tests" time="0.003"/>
  <system-out><![CDATA[12:58:24.891 [Test worker] DEBUG reactor.util.Loggers - Using Slf4j logging framework
]]></system-out>
  <system-err><![CDATA[]]></system-err>
</testsuite>
