<?xml version="1.0" encoding="UTF-8"?>
<testsuite name="BackpressureTask5Tests" tests="1" skipped="0" failures="0" errors="0" timestamp="2022-12-22T17:09:47" hostname="KOMPUTER" time="1.029">
  <properties/>
  <testcase name="testSolution()" classname="BackpressureTask5Tests" time="1.029"/>
  <system-out><![CDATA[19:09:47.503 [Test worker] DEBUG reactor.util.Loggers - Using Slf4j logging framework
]]></system-out>
  <system-err><![CDATA[]]></system-err>
</testsuite>
