<?xml version="1.0" encoding="UTF-8"?>
<testsuite name="CommonOperatorsTask9Tests" tests="1" skipped="0" failures="0" errors="0" timestamp="2022-12-22T16:27:12" hostname="KOMPUTER" time="2.695">
  <properties/>
  <testcase name="testSolution()" classname="CommonOperatorsTask9Tests" time="2.695"/>
  <system-out><![CDATA[18:27:13.281 [Test worker] DEBUG reactor.util.Loggers - Using Slf4j logging framework
]]></system-out>
  <system-err><![CDATA[]]></system-err>
</testsuite>
