<?xml version="1.0" encoding="UTF-8"?>
<testsuite name="CommonPublishersTask5Tests" tests="1" skipped="0" failures="0" errors="0" timestamp="2022-12-22T10:55:01" hostname="KOMPUTER" time="1.507">
  <properties/>
  <testcase name="testSolution()" classname="CommonPublishersTask5Tests" time="1.507"/>
  <system-out><![CDATA[12:55:02.235 [Test worker] DEBUG reactor.util.Loggers - Using Slf4j logging framework
]]></system-out>
  <system-err><![CDATA[]]></system-err>
</testsuite>
