<?xml version="1.0" encoding="UTF-8"?>
<testsuite name="MultipleSourcesTask9Tests" tests="1" skipped="0" failures="0" errors="0" timestamp="2022-12-22T16:59:34" hostname="KOMPUTER" time="0.877">
  <properties/>
  <testcase name="testSolution()" classname="MultipleSourcesTask9Tests" time="0.877"/>
  <system-out><![CDATA[18:59:35.383 [Test worker] DEBUG reactor.util.Loggers - Using Slf4j logging framework
]]></system-out>
  <system-err><![CDATA[]]></system-err>
</testsuite>
