<?xml version="1.0" encoding="UTF-8"?>
<testsuite name="ResilienceTask4Tests" tests="1" skipped="0" failures="0" errors="0" timestamp="2022-12-22T17:17:10" hostname="KOMPUTER" time="0.587">
  <properties/>
  <testcase name="testSolution()" classname="ResilienceTask4Tests" time="0.587"/>
  <system-out><![CDATA[19:17:10.549 [Test worker] DEBUG reactor.util.Loggers - Using Slf4j logging framework
]]></system-out>
  <system-err><![CDATA[]]></system-err>
</testsuite>
