<?xml version="1.0" encoding="UTF-8"?>
<testsuite name="HnSTask3Tests" tests="1" skipped="0" failures="0" errors="0" timestamp="2022-12-24T09:53:58" hostname="KOMPUTER" time="4.404">
  <properties/>
  <testcase name="testSolution()" classname="HnSTask3Tests" time="4.404"/>
  <system-out><![CDATA[11:54:01.663 [Test worker] DEBUG reactor.util.Loggers - Using Slf4j logging framework
]]></system-out>
  <system-err><![CDATA[]]></system-err>
</testsuite>
