<?xml version="1.0" encoding="UTF-8"?>
<testsuite name="CommonOperatorsTask5Tests" tests="1" skipped="0" failures="0" errors="0" timestamp="2022-12-22T16:23:52" hostname="KOMPUTER" time="0.38">
  <properties/>
  <testcase name="testSolution()" classname="CommonOperatorsTask5Tests" time="0.38"/>
  <system-out><![CDATA[18:23:53.070 [Test worker] DEBUG reactor.util.Loggers - Using Slf4j logging framework
]]></system-out>
  <system-err><![CDATA[]]></system-err>
</testsuite>
