<?xml version="1.0" encoding="UTF-8"?>
<testsuite name="TestingTask3Tests" tests="1" skipped="0" failures="0" errors="0" timestamp="2022-12-22T16:34:33" hostname="KOMPUTER" time="1.09">
  <properties/>
  <testcase name="testSolution()" classname="TestingTask3Tests" time="1.09"/>
  <system-out><![CDATA[18:34:34.398 [Test worker] DEBUG reactor.util.Loggers - Using Slf4j logging framework
]]></system-out>
  <system-err><![CDATA[]]></system-err>
</testsuite>
