<?xml version="1.0" encoding="UTF-8"?>
<testsuite name="ResilienceTask5Tests" tests="1" skipped="0" failures="0" errors="0" timestamp="2022-12-22T17:17:43" hostname="KOMPUTER" time="1.604">
  <properties/>
  <testcase name="testSolution()" classname="ResilienceTask5Tests" time="1.604"/>
  <system-out><![CDATA[19:17:43.300 [Test worker] DEBUG reactor.util.Loggers - Using Slf4j logging framework
]]></system-out>
  <system-err><![CDATA[]]></system-err>
</testsuite>
