<?xml version="1.0" encoding="UTF-8"?>
<testsuite name="CPTask3Tests" tests="1" skipped="0" failures="0" errors="0" timestamp="2022-12-24T11:23:43" hostname="KOMPUTER" time="20.18">
  <properties/>
  <testcase name="findVideoTest()" classname="CPTask3Tests" time="20.18"/>
  <system-out><![CDATA[13:23:48.256 [Test worker] DEBUG reactor.util.Loggers - Using Slf4j logging framework
]]></system-out>
  <system-err><![CDATA[]]></system-err>
</testsuite>
