<?xml version="1.0" encoding="UTF-8"?>
<testsuite name="CommonOperatorsTask8Tests" tests="1" skipped="0" failures="0" errors="0" timestamp="2022-12-22T16:26:42" hostname="KOMPUTER" time="0.677">
  <properties/>
  <testcase name="testSolution()" classname="CommonOperatorsTask8Tests" time="0.677"/>
  <system-out><![CDATA[18:26:42.951 [Test worker] DEBUG reactor.util.Loggers - Using Slf4j logging framework
]]></system-out>
  <system-err><![CDATA[]]></system-err>
</testsuite>
