<?xml version="1.0" encoding="UTF-8"?>
<testsuite name="MultithreadingOperatorsTask2Tests" tests="1" skipped="0" failures="0" errors="0" timestamp="2022-12-22T17:01:04" hostname="KOMPUTER" time="0.926">
  <properties/>
  <testcase name="testSolution()" classname="MultithreadingOperatorsTask2Tests" time="0.926"/>
  <system-out><![CDATA[19:01:04.516 [Test worker] DEBUG reactor.util.Loggers - Using Slf4j logging framework
Threads:single-1
]]></system-out>
  <system-err><![CDATA[]]></system-err>
</testsuite>
