<?xml version="1.0" encoding="UTF-8"?>
<testsuite name="ResilienceTask1Tests" tests="2" skipped="0" failures="0" errors="0" timestamp="2022-12-22T17:14:35" hostname="KOMPUTER" time="0.764">
  <properties/>
  <testcase name="test1()" classname="ResilienceTask1Tests" time="0.76"/>
  <testcase name="test2()" classname="ResilienceTask1Tests" time="0.003"/>
  <system-out><![CDATA[19:14:36.092 [Test worker] DEBUG reactor.util.Loggers - Using Slf4j logging framework
]]></system-out>
  <system-err><![CDATA[]]></system-err>
</testsuite>
